<?xml version="1.0" encoding="UTF-8"?>
<!-- Generated by org.testng.reporters.JUnitReportReporter -->
<testsuite hostname="Shiv-X542UQ" name="example.NewTest" tests="1" failures="0" timestamp="8 Aug 2018 11:01:52 GMT" time="20.587" errors="0">
  <testcase name="testEasy" time="20.587" classname="example.NewTest"/>
</testsuite> <!-- example.NewTest -->
